TN:
SF:/Users/sko/workspace/dy-graphs-wrapper/dy-graphs/bower_components/dy-graphs/dy-graphs.html
FN:213,(anonymous_1)
FN:217,(anonymous_2)
FN:221,(anonymous_3)
FN:244,(anonymous_4)
FN:250,(anonymous_5)
FN:258,(anonymous_6)
FN:270,(anonymous_7)
FN:273,(anonymous_8)
FN:276,(anonymous_9)
FN:287,(anonymous_10)
FN:294,(anonymous_11)
FN:315,(anonymous_12)
FN:319,(anonymous_13)
FN:323,(anonymous_14)
FN:330,(anonymous_15)
FN:337,(anonymous_16)
FN:342,(anonymous_17)
FN:347,(anonymous_18)
FN:354,(anonymous_19)
FN:368,(anonymous_20)
FNF:20
FNH:16
FNDA:1,(anonymous_1)
FNDA:4,(anonymous_2)
FNDA:4,(anonymous_3)
FNDA:1,(anonymous_4)
FNDA:0,(anonymous_5)
FNDA:14,(anonymous_6)
FNDA:0,(anonymous_7)
FNDA:0,(anonymous_8)
FNDA:14,(anonymous_9)
FNDA:14,(anonymous_10)
FNDA:18,(anonymous_11)
FNDA:7,(anonymous_12)
FNDA:7,(anonymous_13)
FNDA:0,(anonymous_14)
FNDA:2,(anonymous_15)
FNDA:3,(anonymous_16)
FNDA:1,(anonymous_17)
FNDA:6,(anonymous_18)
FNDA:18,(anonymous_19)
FNDA:5,(anonymous_20)
DA:213,1
DA:218,4
DA:222,4
DA:245,1
DA:251,0
DA:259,14
DA:260,14
DA:267,14
DA:270,14
DA:273,14
DA:277,14
DA:278,14
DA:280,14
DA:281,14
DA:282,14
DA:283,14
DA:288,14
DA:289,14
DA:290,4
DA:309,18
DA:310,1
DA:312,18
DA:316,7
DA:320,7
DA:324,0
DA:325,0
DA:326,0
DA:331,2
DA:332,1
DA:333,1
DA:338,3
DA:339,3
DA:343,1
DA:344,1
DA:348,6
DA:349,1
DA:351,6
DA:355,18
DA:356,18
DA:357,4
DA:359,14
DA:360,1
DA:361,1
DA:362,13
DA:363,4
DA:364,4
DA:367,14
DA:368,5
DA:369,5
DA:370,5
DA:376,1
DA:377,1
DA:378,1
LF:53
LH:49
BRDA:289,1,0,4
BRDA:289,1,1,10
BRDA:309,2,0,0
BRDA:309,2,1,18
BRDA:309,3,0,18
BRDA:309,3,1,17
BRDA:320,4,0,7
BRDA:320,4,1,6
BRDA:320,4,2,5
BRDA:324,5,0,0
BRDA:324,5,1,0
BRDA:331,6,0,1
BRDA:331,6,1,1
BRDA:338,7,0,3
BRDA:338,7,1,1
BRDA:348,8,0,1
BRDA:348,8,1,5
BRDA:356,9,0,4
BRDA:356,9,1,14
BRDA:359,10,0,1
BRDA:359,10,1,13
BRDA:362,11,0,4
BRDA:362,11,1,9
BRDA:362,12,0,13
BRDA:362,12,1,5
BRDA:367,13,0,5
BRDA:367,13,1,9
BRDA:377,14,0,1
BRDA:377,14,1,1
BRF:29
BRH:27
end_of_record
